- Initializing and preparing data
✔ Initializing and preparing data - done in 343ms
(node:15913) Warning: An error event has already been emitted on the socket. Please use the destroy method on the socket while handling a 'clientError' event.
(Use `node --trace-warnings ...` to show where the warning was created)
paring data
✔ Initializing and preparing data - done in 267ms
8:07:12 AM [vite] Internal server error: No matching HTML proxy module found from /home/akashi/foxnote/blog/.vuepress/.temp/vite-root/index.html?html-proxy&index=0.js
      at Context.load (file:///home/akashi/foxnote/node_modules/vite/dist/node/chunks/dep-4RECYSE1.js:37977:27)
      at Object.load (file:///home/akashi/foxnote/node_modules/vite/dist/node/chunks/dep-4RECYSE1.js:63161:64)
      at process.processTicksAndRejections (node:internal/process/task_queues:95:5)
      at async loadAndTransform (file:///home/akashi/foxnote/node_modules/vite/dist/node/chunks/dep-4RECYSE1.js:48871:24)
      at async viteTransformMiddleware (file:///home/akashi/foxnote/node_modules/vite/dist/node/chunks/dep-4RECYSE1.js:58543:32)
- Initializing and preparing data
✔ Initializing and preparing data - done in 478ms
- Initializing and preparing data
✔ Initializing and preparing data - done in 150ms
- Initializing and preparing data
✔ Initializing and preparing data - done in 116ms
- Initializing and preparing data
✔ Initializing and preparing data - done in 106ms
- Initializing and preparing data
✔ Initializing and preparing data - done in 102ms
- Initializing and preparing data
✔ Initializing and preparing data - done in 198ms
- Initializing and preparing data
✔ Initializing and preparing data - done in 183ms
- Initializing and preparing data
✔ Initializing and preparing data - done in 114ms
- Initializing and preparing data
✔ Initializing and preparing data - done in 201ms
- Initializing and preparing data
✔ Initializing and preparing data - done in 266ms
- Initializing and preparing data
✔ Initializing and preparing data - done in 215ms
- Initializing and preparing data
✔ Initializing and preparing data - done in 197ms
- Initializing and preparing data
✔ Initializing and preparing data - done in 124ms
8e74": defineAsyncComponent(() => import(/* webpackChunkName: "v-90728e74" */"/home/akashi/foxnote/blog/.vuepress/.temp/pages/posts/C__/gcc-build-libraries.html.vue")),
  43 |  }
     |  ^
  44 |  
      at formatError (file:///home/akashi/foxnote/node_modules/vite/dist/node/chunks/dep-4RECYSE1.js:62895:46)
      at TransformContext.error (file:///home/akashi/foxnote/node_modules/vite/dist/node/chunks/dep-4RECYSE1.js:62889:19)
      at TransformContext.transform (file:///home/akashi/foxnote/node_modules/vite/dist/node/chunks/dep-4RECYSE1.js:61107:22)
      at async Object.transform (file:///home/akashi/foxnote/node_modules/vite/dist/node/chunks/dep-4RECYSE1.js:63190:30)
      at async loadAndTransform (file:///home/akashi/foxnote/node_modules/vite/dist/node/chunks/dep-4RECYSE1.js:48947:29)
      at async viteTransformMiddleware (file:///home/akashi/foxnote/node_modules/vite/dist/node/chunks/dep-4RECYSE1.js:58543:32)
2:56:11 PM [vite] Internal server error: Failed to parse source for import analysis because the content contains invalid JS syntax. If you are using JSX, make sure to name the file with the .jsx or .tsx extension.
  Plugin: vite:import-analysis
  File: /home/akashi/foxnote/blog/.vuepress/.temp/internal/pagesComponents.js:42:179
  41 |   /posts/C__/gcc-build-libraries.html
  42 |    "v-90728e74": defineAsyncComponent(() => import(/* webpackChunkName: "v-90728e74" */"/home/akashi/foxnote/blog/.vuepress/.temp/pages/posts/C__/gcc-build-libraries.html.vue")),
  43 |  }
     |  ^
  44 |  
      at formatError (file:///home/akashi/foxnote/node_modules/vite/dist/node/chunks/dep-4RECYSE1.js:62895:46)
      at TransformContext.error (file:///home/akashi/foxnote/node_modules/vite/dist/node/chunks/dep-4RECYSE1.js:62889:19)
      at TransformContext.transform (file:///home/akashi/foxnote/node_modules/vite/dist/node/chunks/dep-4RECYSE1.js:61107:22)
      at async Object.transform (file:///home/akashi/foxnote/node_modules/vite/dist/node/chunks/dep-4RECYSE1.js:63190:30)
      at async loadAndTransform (file:///home/akashi/foxnote/node_modules/vite/dist/node/chunks/dep-4RECYSE1.js:48947:29)
      at async viteTransformMiddleware (file:///home/akashi/foxnote/node_modules/vite/dist/node/chunks/dep-4RECYSE1.js:58543:32)
2:57:21 PM [vite] Internal server error: Failed to parse source for import analysis because the content contains invalid JS syntax. If you are using JSX, make sure to name the file with the .jsx or .tsx extension.
  Plugin: vite:import-analysis
  File: /home/akashi/foxnote/blog/.vuepress/.temp/internal/pagesComponents.js:42:179
  41 |   /posts/C__/gcc-build-libraries.html
  42 |    "v-90728e74": defineAsyncComponent(() => import(/* webpackChunkName: "v-90728e74" */"/home/akashi/foxnote/blog/.vuepress/.temp/pages/posts/C__/gcc-build-libraries.html.vue")),
  43 |  }
     |  ^
  44 |  
      at formatError (file:///home/akashi/foxnote/node_modules/vite/dist/node/chunks/dep-4RECYSE1.js:62895:46)
      at TransformContext.error (file:///home/akashi/foxnote/node_modules/vite/dist/node/chunks/dep-4RECYSE1.js:62889:19)
      at TransformContext.transform (file:///home/akashi/foxnote/node_modules/vite/dist/node/chunks/dep-4RECYSE1.js:61107:22)
      at async Object.transform (file:///home/akashi/foxnote/node_modules/vite/dist/node/chunks/dep-4RECYSE1.js:63190:30)
      at async loadAndTransform (file:///home/akashi/foxnote/node_modules/vite/dist/node/chunks/dep-4RECYSE1.js:48947:29)
      at async viteTransformMiddleware (file:///home/akashi/foxnote/node_modules/vite/dist/node/chunks/dep-4RECYSE1.js:58543:32)
- Initializing and preparing data
✔ Initializing and preparing data - done in 295ms
- Initializing and preparing data
✔ Initializing and preparing data - done in 200ms
ode/chunks/dep-4RECYSE1.js:61315:47
      at async Promise.all (index 1)
      at async TransformContext.transform (file:///home/akashi/foxnote/node_modules/vite/dist/node/chunks/dep-4RECYSE1.js:61236:13)
      at async Object.transform (file:///home/akashi/foxnote/node_modules/vite/dist/node/chunks/dep-4RECYSE1.js:63190:30)
      at async loadAndTransform (file:///home/akashi/foxnote/node_modules/vite/dist/node/chunks/dep-4RECYSE1.js:48947:29)
      at async viteTransformMiddleware (file:///home/akashi/foxnote/node_modules/vite/dist/node/chunks/dep-4RECYSE1.js:58543:32)
2:43:55 PM [vite] Internal server error: Failed to resolve import "@source/posts/非阻塞式IO.svg" from "blog/.vuepress/.temp/pages/posts/5-io-models.html.vue". Does the file exist?
  Plugin: vite:import-analysis
  File: /home/akashi/foxnote/blog/.vuepress/.temp/pages/posts/5-io-models.html.vue:19:43
  1  |  const _sfc_main = {}
  2  |  import { createElementVNode as _createElementVNode, createTextVNode as _createTextVNode, createStaticVNode as _createStaticVNode, openBlock as _openBlock, createElementBlock as _createElementBlock } from "vue"
  3  |  import _imports_0 from '@source/posts/非阻塞式IO.svg'
     |                          ^
  4  |  import _imports_1 from '@source/posts/信号驱动IO.svg'
  5  |  import _imports_2 from '@source/posts/异步IO.svg'
      at formatError (file:///home/akashi/foxnote/node_modules/vite/dist/node/chunks/dep-4RECYSE1.js:62895:46)
      at TransformContext.error (file:///home/akashi/foxnote/node_modules/vite/dist/node/chunks/dep-4RECYSE1.js:62889:19)
      at normalizeUrl (file:///home/akashi/foxnote/node_modules/vite/dist/node/chunks/dep-4RECYSE1.js:61165:33)
      at async file:///home/akashi/foxnote/node_modules/vite/dist/node/chunks/dep-4RECYSE1.js:61315:47
      at async Promise.all (index 1)
      at async TransformContext.transform (file:///home/akashi/foxnote/node_modules/vite/dist/node/chunks/dep-4RECYSE1.js:61236:13)
      at async Object.transform (file:///home/akashi/foxnote/node_modules/vite/dist/node/chunks/dep-4RECYSE1.js:63190:30)
      at async loadAndTransform (file:///home/akashi/foxnote/node_modules/vite/dist/node/chunks/dep-4RECYSE1.js:48947:29)
      at async viteTransformMiddleware (file:///home/akashi/foxnote/node_modules/vite/dist/node/chunks/dep-4RECYSE1.js:58543:32)
