
> foxnote@2.0.0 docs:dev
> vuepress dev blog


  vite v5.0.4 dev server running at:

  ➜  Local:   http://localhost:1080/
  ➜  Network: http://192.168.1.3:1080/
info page posts/cpp/cpp-classes-and-objects.md is modified
7:04:02 PM [vite] hmr update /@fs/home/akashi/foxnote/blog/.vuepress/.temp/pages/posts/cpp/cpp-classes-and-objects.html.vue
7:04:02 PM [vite] hmr update /@fs/home/akashi/foxnote/blog/.vuepress/.temp/pages/posts/cpp/cpp-classes-and-objects.html.js
7:04:02 PM [vite] page reload /home/akashi/foxnote/blog/.vuepress/.temp/internal/pagesRoutes.js
info page posts/cpp/cpp-classes-and-objects.md is modified
7:04:10 PM [vite] hmr update /@fs/home/akashi/foxnote/blog/.vuepress/.temp/pages/posts/cpp/cpp-classes-and-objects.html.vue
7:04:10 PM [vite] hmr update /@fs/home/akashi/foxnote/blog/.vuepress/.temp/pages/posts/cpp/cpp-classes-and-objects.html.js
info page posts/cpp/cpp-classes-and-objects.md is modified
7:07:51 PM [vite] hmr update /@fs/home/akashi/foxnote/blog/.vuepress/.temp/pages/posts/cpp/cpp-classes-and-objects.html.vue
7:07:51 PM [vite] hmr update /@fs/home/akashi/foxnote/blog/.vuepress/.temp/pages/posts/cpp/cpp-classes-and-objects.html.js
info page posts/cpp/cpp-classes-and-objects.md is modified
7:11:28 PM [vite] hmr update /@fs/home/akashi/foxnote/blog/.vuepress/.temp/pages/posts/cpp/cpp-classes-and-objects.html.vue
7:11:28 PM [vite] hmr update /@fs/home/akashi/foxnote/blog/.vuepress/.temp/pages/posts/cpp/cpp-classes-and-objects.html.js
info page posts/cpp/cpp-classes-and-objects.md is modified
7:16:52 PM [vite] hmr update /@fs/home/akashi/foxnote/blog/.vuepress/.temp/pages/posts/cpp/cpp-classes-and-objects.html.vue
7:16:52 PM [vite] hmr update /@fs/home/akashi/foxnote/blog/.vuepress/.temp/pages/posts/cpp/cpp-classes-and-objects.html.js
info page posts/cpp/cpp-classes-and-objects.md is modified
7:17:05 PM [vite] hmr update /@fs/home/akashi/foxnote/blog/.vuepress/.temp/pages/posts/cpp/cpp-classes-and-objects.html.vue
7:17:05 PM [vite] hmr update /@fs/home/akashi/foxnote/blog/.vuepress/.temp/pages/posts/cpp/cpp-classes-and-objects.html.js
info page posts/cpp/cpp-classes-and-objects.md is modified
7:17:26 PM [vite] hmr update /@fs/home/akashi/foxnote/blog/.vuepress/.temp/pages/posts/cpp/cpp-classes-and-objects.html.vue
7:17:26 PM [vite] hmr update /@fs/home/akashi/foxnote/blog/.vuepress/.temp/pages/posts/cpp/cpp-classes-and-objects.html.js
info page posts/cpp/cpp-classes-and-objects.md is modified
7:19:06 PM [vite] hmr update /@fs/home/akashi/foxnote/blog/.vuepress/.temp/pages/posts/cpp/cpp-classes-and-objects.html.vue
7:19:06 PM [vite] hmr update /@fs/home/akashi/foxnote/blog/.vuepress/.temp/pages/posts/cpp/cpp-classes-and-objects.html.js
info page posts/cpp/cpp-classes-and-objects.md is modified
7:19:21 PM [vite] hmr update /@fs/home/akashi/foxnote/blog/.vuepress/.temp/pages/posts/cpp/cpp-classes-and-objects.html.vue
7:19:21 PM [vite] hmr update /@fs/home/akashi/foxnote/blog/.vuepress/.temp/pages/posts/cpp/cpp-classes-and-objects.html.js
info page posts/cpp/cpp-classes-and-objects.md is modified
7:20:05 PM [vite] hmr update /@fs/home/akashi/foxnote/blog/.vuepress/.temp/pages/posts/cpp/cpp-classes-and-objects.html.vue
7:20:05 PM [vite] hmr update /@fs/home/akashi/foxnote/blog/.vuepress/.temp/pages/posts/cpp/cpp-classes-and-objects.html.js
info page posts/cpp/cpp-classes-and-objects.md is modified
7:20:36 PM [vite] hmr update /@fs/home/akashi/foxnote/blog/.vuepress/.temp/pages/posts/cpp/cpp-classes-and-objects.html.vue
7:20:36 PM [vite] hmr update /@fs/home/akashi/foxnote/blog/.vuepress/.temp/pages/posts/cpp/cpp-classes-and-objects.html.js
info page posts/cpp/cpp-classes-and-objects.md is modified
7:22:47 PM [vite] hmr update /@fs/home/akashi/foxnote/blog/.vuepress/.temp/pages/posts/cpp/cpp-classes-and-objects.html.vue
7:22:47 PM [vite] hmr update /@fs/home/akashi/foxnote/blog/.vuepress/.temp/pages/posts/cpp/cpp-classes-and-objects.html.js
info page posts/cpp/cpp-classes-and-objects.md is modified
7:23:03 PM [vite] hmr update /@fs/home/akashi/foxnote/blog/.vuepress/.temp/pages/posts/cpp/cpp-classes-and-objects.html.vue
7:23:03 PM [vite] hmr update /@fs/home/akashi/foxnote/blog/.vuepress/.temp/pages/posts/cpp/cpp-classes-and-objects.html.js
info page posts/cpp/cpp-.md is created
info page posts/cpp/cpp-classes-2.md is removed
7:24:07 PM [vite] page reload /home/akashi/foxnote/blog/.vuepress/.temp/internal/pagesComponents.js
7:24:07 PM [vite] page reload /home/akashi/foxnote/blog/.vuepress/.temp/internal/pagesData.js
7:24:07 PM [vite] page reload /home/akashi/foxnote/blog/.vuepress/.temp/internal/pagesRoutes.js
info page posts/cpp/cpp-default-member-method-in-class.md is created
7:25:02 PM [vite] page reload /home/akashi/foxnote/blog/.vuepress/.temp/internal/pagesComponents.js
7:25:02 PM [vite] page reload /home/akashi/foxnote/blog/.vuepress/.temp/internal/pagesData.js
7:25:02 PM [vite] page reload /home/akashi/foxnote/blog/.vuepress/.temp/internal/pagesRoutes.js
info page posts/cpp/cpp-.md is removed
info page posts/cpp/cpp-default-member-method-in-class.md is modified
7:25:45 PM [vite] page reload /home/akashi/foxnote/blog/.vuepress/.temp/internal/pagesRoutes.js
ar.ts is modified

  vite v5.0.4 dev server running at:

  ➜  Local:   http://localhost:1080/
  ➜  Network: http://192.168.1.3:1080/
tip dev server has restarted, please refresh your browser
info config dependency blog/.vuepress/sidebar.ts is modified

  vite v5.0.4 dev server running at:

  ➜  Local:   http://localhost:1080/
  ➜  Network: http://192.168.1.3:1080/
tip dev server has restarted, please refresh your browser
info page posts/5-io-models/5-io-models.md is created
2:32:36 PM [vite] page reload /home/akashi/foxnote/blog/.vuepress/.temp/internal/pagesComponents.js
2:32:36 PM [vite] page reload /home/akashi/foxnote/blog/.vuepress/.temp/internal/pagesData.js
2:32:36 PM [vite] page reload /home/akashi/foxnote/blog/.vuepress/.temp/internal/pagesRoutes.js
info page posts/5-io-models/README.md is removed
2:32:36 PM [vite] page reload /home/akashi/foxnote/blog/.vuepress/.temp/internal/pagesComponents.js
2:32:36 PM [vite] page reload /home/akashi/foxnote/blog/.vuepress/.temp/internal/pagesData.js
2:32:36 PM [vite] page reload /home/akashi/foxnote/blog/.vuepress/.temp/internal/pagesRoutes.js
info page posts/5-io-models.md is created
2:32:37 PM [vite] page reload /home/akashi/foxnote/blog/.vuepress/.temp/internal/pagesComponents.js
2:32:37 PM [vite] page reload /home/akashi/foxnote/blog/.vuepress/.temp/internal/pagesData.js
2:32:37 PM [vite] page reload /home/akashi/foxnote/blog/.vuepress/.temp/internal/pagesRoutes.js
info page posts/5-io-models/5-io-models.md is removed
2:32:37 PM [vite] page reload /home/akashi/foxnote/blog/.vuepress/.temp/internal/pagesComponents.js
2:32:37 PM [vite] page reload /home/akashi/foxnote/blog/.vuepress/.temp/internal/pagesData.js
2:32:37 PM [vite] page reload /home/akashi/foxnote/blog/.vuepress/.temp/internal/pagesRoutes.js
info page posts/5-io-models.md is modified
info config dependency blog/.vuepress/navbar.ts is modified

  vite v5.0.4 dev server running at:

  ➜  Local:   http://localhost:1080/
  ➜  Network: http://192.168.1.3:1080/
tip dev server has restarted, please refresh your browser
info config dependency blog/.vuepress/navbar.ts is modified

  vite v5.0.4 dev server running at:

  ➜  Local:   http://localhost:1080/
  ➜  Network: http://192.168.1.3:1080/
tip dev server has restarted, please refresh your browser
info config dependency blog/.vuepress/navbar.ts is modified

  vite v5.0.4 dev server running at:

  ➜  Local:   http://localhost:1080/
  ➜  Network: http://192.168.1.3:1080/
tip dev server has restarted, please refresh your browser
info page posts/cpp-classes-1/cpp-classes-1.md is created
info page posts/cpp-classes-1/README.md is removed
2:37:48 PM [vite] page reload /home/akashi/foxnote/blog/.vuepress/.temp/internal/pagesComponents.js
2:37:48 PM [vite] page reload /home/akashi/foxnote/blog/.vuepress/.temp/internal/pagesData.js
2:37:48 PM [vite] page reload /home/akashi/foxnote/blog/.vuepress/.temp/internal/pagesRoutes.js
info page posts/cpp-classes-1.md is created
2:37:48 PM [vite] page reload /home/akashi/foxnote/blog/.vuepress/.temp/internal/pagesComponents.js
2:37:48 PM [vite] page reload /home/akashi/foxnote/blog/.vuepress/.temp/internal/pagesData.js
2:37:48 PM [vite] page reload /home/akashi/foxnote/blog/.vuepress/.temp/internal/pagesRoutes.js
info page posts/cpp-classes-1/cpp-classes-1.md is removed
info page posts/cpp-classes-2/cpp-classes-2.md is created
2:37:55 PM [vite] page reload /home/akashi/foxnote/blog/.vuepress/.temp/internal/pagesComponents.js
2:37:55 PM [vite] page reload /home/akashi/foxnote/blog/.vuepress/.temp/internal/pagesData.js
2:37:55 PM [vite] page reload /home/akashi/foxnote/blog/.vuepress/.temp/internal/pagesRoutes.js
info page posts/cpp-classes-2/README.md is removed
info page posts/cpp-classes-2.md is created
2:37:56 PM [vite] page reload /home/akashi/foxnote/blog/.vuepress/.temp/internal/pagesComponents.js
2:37:56 PM [vite] page reload /home/akashi/foxnote/blog/.vuepress/.temp/internal/pagesData.js
2:37:56 PM [vite] page reload /home/akashi/foxnote/blog/.vuepress/.temp/internal/pagesRoutes.js
info page posts/cpp-classes-2/cpp-classes-2.md is removed
2:37:56 PM [vite] page reload /home/akashi/foxnote/blog/.vuepress/.temp/internal/pagesComponents.js
2:37:56 PM [vite] page reload /home/akashi/foxnote/blog/.vuepress/.temp/internal/pagesData.js
2:37:56 PM [vite] page reload /home/akashi/foxnote/blog/.vuepress/.temp/internal/pagesRoutes.js
info page posts/cpp-classes-2.md is modified
info config dependency blog/.vuepress/sidebar.ts is modified

  vite v5.0.4 dev server running at:

  ➜  Local:   http://localhost:1080/
  ➜  Network: http://192.168.1.3:1080/
tip dev server has restarted, please refresh your browser
info page posts/cpp-classes-2.md is modified
2:39:04 PM [vite] hmr update /@fs/home/akashi/foxnote/blog/.vuepress/.temp/pages/posts/cpp-classes-2.html.vue
2:39:04 PM [vite] hmr update /@fs/home/akashi/foxnote/blog/.vuepress/.temp/pages/posts/cpp-classes-2.html.js
2:39:04 PM [vite] page reload /home/akashi/foxnote/blog/.vuepress/.temp/internal/pagesRoutes.js
info page posts/cpp-classes-2.md is modified
2:39:28 PM [vite] hmr update /@fs/home/akashi/foxnote/blog/.vuepress/.temp/pages/posts/cpp-classes-2.html.js
info page posts/cpp-classes-2.md is modified
2:41:27 PM [vite] hmr update /@fs/home/akashi/foxnote/blog/.vuepress/.temp/pages/posts/cpp-classes-2.html.vue
2:41:27 PM [vite] hmr update /@fs/home/akashi/foxnote/blog/.vuepress/.temp/pages/posts/cpp-classes-2.html.js
2:41:27 PM [vite] page reload /home/akashi/foxnote/blog/.vuepress/.temp/internal/pagesRoutes.js
info page posts/cpp-classes-2.md is modified
2:41:38 PM [vite] hmr update /@fs/home/akashi/foxnote/blog/.vuepress/.temp/pages/posts/cpp-classes-2.html.vue
2:41:38 PM [vite] hmr update /@fs/home/akashi/foxnote/blog/.vuepress/.temp/pages/posts/cpp-classes-2.html.js
2:41:38 PM [vite] page reload /home/akashi/foxnote/blog/.vuepress/.temp/internal/pagesRoutes.js
info page posts/cpp-classes-2.md is modified
2:42:16 PM [vite] hmr update /@fs/home/akashi/foxnote/blog/.vuepress/.temp/pages/posts/cpp-classes-2.html.vue
2:42:16 PM [vite] hmr update /@fs/home/akashi/foxnote/blog/.vuepress/.temp/pages/posts/cpp-classes-2.html.js
info page posts/cpp-classes-2.md is modified
2:43:13 PM [vite] hmr update /@fs/home/akashi/foxnote/blog/.vuepress/.temp/pages/posts/cpp-classes-2.html.vue
2:43:13 PM [vite] hmr update /@fs/home/akashi/foxnote/blog/.vuepress/.temp/pages/posts/cpp-classes-2.html.js
info page posts/5-io-models.md is modified
2:43:35 PM [vite] hmr update /@fs/home/akashi/foxnote/blog/.vuepress/.temp/pages/posts/5-io-models.html.js
2:43:35 PM [vite] page reload /home/akashi/foxnote/blog/.vuepress/.temp/internal/pagesRoutes.js
info page posts/5-io-models.md is modified
2:43:45 PM [vite] page reload /home/akashi/foxnote/blog/.vuepress/.temp/pages/posts/5-io-models.html.vue
2:43:45 PM [vite] hmr update /@fs/home/akashi/foxnote/blog/.vuepress/.temp/pages/posts/5-io-models.html.js
info page posts/5-io-models.md is modified
2:43:53 PM [vite] page reload /home/akashi/foxnote/blog/.vuepress/.temp/pages/posts/5-io-models.html.vue
2:43:53 PM [vite] hmr update /@fs/home/akashi/foxnote/blog/.vuepress/.temp/pages/posts/5-io-models.html.js
info page posts/5-io-models.md is modified
2:44:01 PM [vite] page reload /home/akashi/foxnote/blog/.vuepress/.temp/pages/posts/5-io-models.html.vue
2:44:01 PM [vite] hmr update /@fs/home/akashi/foxnote/blog/.vuepress/.temp/pages/posts/5-io-models.html.js
info page posts/5-io-models.md is modified
2:44:19 PM [vite] hmr update /@fs/home/akashi/foxnote/blog/.vuepress/.temp/pages/posts/5-io-models.html.js
2:44:19 PM [vite] page reload /home/akashi/foxnote/blog/.vuepress/.temp/pages/posts/5-io-models.html.vue
2:44:19 PM [vite] page reload /home/akashi/foxnote/blog/.vuepress/.temp/internal/pagesRoutes.js
info page posts/5-io-models.md is modified
2:44:24 PM [vite] hmr update /@fs/home/akashi/foxnote/blog/.vuepress/.temp/pages/posts/5-io-models.html.js
2:44:24 PM [vite] page reload /home/akashi/foxnote/blog/.vuepress/.temp/pages/posts/5-io-models.html.vue
2:44:24 PM [vite] page reload /home/akashi/foxnote/blog/.vuepress/.temp/internal/pagesRoutes.js
info page posts/5-io-models.md is modified
2:44:26 PM [vite] page reload /home/akashi/foxnote/blog/.vuepress/.temp/pages/posts/5-io-models.html.vue
2:44:26 PM [vite] hmr update /@fs/home/akashi/foxnote/blog/.vuepress/.temp/pages/posts/5-io-models.html.js
info page posts/5-io-models.md is modified
2:44:28 PM [vite] page reload /home/akashi/foxnote/blog/.vuepress/.temp/pages/posts/5-io-models.html.vue
2:44:28 PM [vite] hmr update /@fs/home/akashi/foxnote/blog/.vuepress/.temp/pages/posts/5-io-models.html.js
info page posts/5-io-models.md is modified
2:44:47 PM [vite] hmr update /@fs/home/akashi/foxnote/blog/.vuepress/.temp/pages/posts/5-io-models.html.vue
2:44:47 PM [vite] hmr update /@fs/home/akashi/foxnote/blog/.vuepress/.temp/pages/posts/5-io-models.html.js
info page posts/5-io-models.md is modified
2:44:55 PM [vite] hmr update /@fs/home/akashi/foxnote/blog/.vuepress/.temp/pages/posts/5-io-models.html.vue
2:44:55 PM [vite] hmr update /@fs/home/akashi/foxnote/blog/.vuepress/.temp/pages/posts/5-io-models.html.js
info page posts/5-io-models.md is modified
2:45:11 PM [vite] hmr update /@fs/home/akashi/foxnote/blog/.vuepress/.temp/pages/posts/5-io-models.html.js
2:45:11 PM [vite] hmr update /@fs/home/akashi/foxnote/blog/.vuepress/.temp/pages/posts/5-io-models.html.vue
2:45:11 PM [vite] page reload /home/akashi/foxnote/blog/.vuepress/.temp/internal/pagesRoutes.js
info page posts/5-io-models.md is modified
2:45:16 PM [vite] hmr update /@fs/home/akashi/foxnote/blog/.vuepress/.temp/pages/posts/5-io-models.html.vue
2:45:16 PM [vite] hmr update /@fs/home/akashi/foxnote/blog/.vuepress/.temp/pages/posts/5-io-models.html.js
2:45:16 PM [vite] page reload /home/akashi/foxnote/blog/.vuepress/.temp/internal/pagesRoutes.js
info page posts/5-io-models.md is modified
2:45:24 PM [vite] hmr update /@fs/home/akashi/foxnote/blog/.vuepress/.temp/pages/posts/5-io-models.html.vue
2:45:24 PM [vite] hmr update /@fs/home/akashi/foxnote/blog/.vuepress/.temp/pages/posts/5-io-models.html.js
info page posts/5-io-models.md is modified
2:45:31 PM [vite] hmr update /@fs/home/akashi/foxnote/blog/.vuepress/.temp/pages/posts/5-io-models.html.js
